<?xml version="1.0" encoding="UTF-8"?><testsuite errors="0" failures="0" name="in.co.gorest.crudtest.CategoriesCRUDTest" skipped="0" tests="9" time="9.88" timestamp="2022-06-07T19:29:38.890+01:00[Europe/London]"><testcase classname="in.co.gorest.crudtest.CategoriesCRUDTest" name="This test will create new user"/><testcase classname="in.co.gorest.crudtest.CategoriesCRUDTest" name="This test will verify user added successfully"/><testcase classname="in.co.gorest.crudtest.CategoriesCRUDTest" name="This test will update user details"/><testcase classname="in.co.gorest.crudtest.CategoriesCRUDTest" name="This test will Check email of new id"/><testcase classname="in.co.gorest.crudtest.CategoriesCRUDTest" name="This test will check size of records"/><testcase classname="in.co.gorest.crudtest.CategoriesCRUDTest" name="This test will Check name of new id"/><testcase classname="in.co.gorest.crudtest.CategoriesCRUDTest" name="This test will check all ID has status 'active' "/><testcase classname="in.co.gorest.crudtest.CategoriesCRUDTest" name="This test will check new id has gender 'male'"/><testcase classname="in.co.gorest.crudtest.CategoriesCRUDTest" name="This test will delete the user"/></testsuite>